This is e-pTeX, Version 3.14159265-p3.8.3-191112-2.6 (utf8.sjis) (TeX Live 2020/W32TeX) (preloaded format=platex 2020.7.31)  3 OCT 2020 14:26
entering extended mode
 restricted \write18 enabled.
 %&-line parsing enabled.
**eclbkbox.sty
(./eclbkbox.sty
pLaTeX2e <2020-02-02>+3 (based on LaTeX2e <2020-02-02> patch level 5)
L3 programming layer <2020-03-06>
\bk=\box61


! LaTeX Error: Missing \begin{document}.

See the LaTeX manual or LaTeX Companion for explanation.
Type  H <return>  for immediate help.
 ...                                              
                                                  
l.4 \newbox\bk@
               bxb
? 
! Emergency stop.
 ...                                              
                                                  
l.4 \newbox\bk@
               bxb
You're in trouble here.  Try typing  <return>  to proceed.
If that doesn't work, type  X <return>  to quit.

 
Here is how much of TeX's memory you used:
 19 strings out of 481140
 450 string characters out of 5920654
 239379 words of memory out of 5000000
 16158 multiletter control sequences out of 15000+600000
 536209 words of font info for 41 fonts, out of 8000000 for 9000
 929 hyphenation exceptions out of 8191
 13i,0n,15p,82b,14s stack positions out of 5000i,500n,10000p,200000b,80000s
No pages of output.
